mode: set
github.com/mrhumster/stream-service/internal/database/database.go:14.58,16.16 2 0
github.com/mrhumster/stream-service/internal/database/database.go:16.16,18.3 1 0
github.com/mrhumster/stream-service/internal/database/database.go:19.2,20.16 2 0
github.com/mrhumster/stream-service/internal/database/database.go:20.16,22.3 1 0
github.com/mrhumster/stream-service/internal/database/database.go:23.2,30.16 8 0
github.com/mrhumster/stream-service/config/config.go:45.36,74.2 2 0
github.com/mrhumster/stream-service/config/config.go:76.36,95.2 1 0
github.com/mrhumster/stream-service/config/config.go:97.39,106.2 1 0
github.com/mrhumster/stream-service/config/config.go:108.46,109.42 1 0
github.com/mrhumster/stream-service/config/config.go:109.42,111.3 1 0
github.com/mrhumster/stream-service/config/config.go:113.2,113.21 1 0
github.com/mrhumster/stream-service/cmd/server/main.go:19.13,21.16 2 0
github.com/mrhumster/stream-service/cmd/server/main.go:21.16,23.3 1 0
github.com/mrhumster/stream-service/cmd/server/main.go:25.2,27.16 2 0
github.com/mrhumster/stream-service/cmd/server/main.go:27.16,29.3 1 0
github.com/mrhumster/stream-service/cmd/server/main.go:31.2,34.16 3 0
github.com/mrhumster/stream-service/cmd/server/main.go:34.16,36.3 1 0
github.com/mrhumster/stream-service/cmd/server/main.go:37.2,40.16 3 0
github.com/mrhumster/stream-service/cmd/server/main.go:40.16,42.3 1 0
github.com/mrhumster/stream-service/cmd/server/main.go:44.2,46.16 2 0
github.com/mrhumster/stream-service/cmd/server/main.go:46.16,48.3 1 0
github.com/mrhumster/stream-service/cmd/server/main.go:50.2,52.15 2 0
github.com/mrhumster/stream-service/cmd/server/main.go:52.15,55.17 3 0
github.com/mrhumster/stream-service/cmd/server/main.go:55.17,57.4 1 0
github.com/mrhumster/stream-service/cmd/server/main.go:58.3,58.39 1 0
github.com/mrhumster/stream-service/cmd/server/main.go:58.39,60.4 1 0
github.com/mrhumster/stream-service/cmd/server/main.go:63.2,70.12 2 0
github.com/mrhumster/stream-service/cmd/server/main.go:70.12,72.77 2 0
github.com/mrhumster/stream-service/cmd/server/main.go:72.77,75.4 2 0
github.com/mrhumster/stream-service/cmd/server/main.go:78.2,86.42 7 0
github.com/mrhumster/stream-service/cmd/server/main.go:86.42,88.3 1 0
github.com/mrhumster/stream-service/cmd/server/main.go:90.2,90.35 1 0
github.com/mrhumster/stream-service/internal/delivery/http/dto/request/create_stream_request.go:18.101,20.16 2 0
github.com/mrhumster/stream-service/internal/delivery/http/dto/request/create_stream_request.go:20.16,22.3 1 0
github.com/mrhumster/stream-service/internal/delivery/http/dto/request/create_stream_request.go:23.2,29.8 1 0
github.com/mrhumster/stream-service/internal/delivery/http/dto/request/create_stream_request.go:32.48,33.19 1 1
github.com/mrhumster/stream-service/internal/delivery/http/dto/request/create_stream_request.go:33.19,35.3 1 1
github.com/mrhumster/stream-service/internal/delivery/http/dto/request/create_stream_request.go:37.2,37.24 1 1
github.com/mrhumster/stream-service/internal/delivery/http/dto/request/create_stream_request.go:37.24,39.3 1 0
github.com/mrhumster/stream-service/internal/delivery/http/dto/request/create_stream_request.go:41.2,41.22 1 1
github.com/mrhumster/stream-service/internal/delivery/http/dto/request/create_stream_request.go:42.84,42.84 0 1
github.com/mrhumster/stream-service/internal/delivery/http/dto/request/create_stream_request.go:43.10,44.60 1 1
github.com/mrhumster/stream-service/internal/delivery/http/dto/request/create_stream_request.go:47.2,47.12 1 1
github.com/mrhumster/stream-service/internal/delivery/http/dto/request/update_stream_request.go:17.48,18.20 1 1
github.com/mrhumster/stream-service/internal/delivery/http/dto/request/update_stream_request.go:18.20,19.21 1 1
github.com/mrhumster/stream-service/internal/delivery/http/dto/request/update_stream_request.go:19.21,21.4 1 1
github.com/mrhumster/stream-service/internal/delivery/http/dto/request/update_stream_request.go:22.3,22.26 1 1
github.com/mrhumster/stream-service/internal/delivery/http/dto/request/update_stream_request.go:22.26,24.4 1 0
github.com/mrhumster/stream-service/internal/delivery/http/dto/request/update_stream_request.go:27.2,27.25 1 1
github.com/mrhumster/stream-service/internal/delivery/http/dto/request/update_stream_request.go:27.25,28.24 1 1
github.com/mrhumster/stream-service/internal/delivery/http/dto/request/update_stream_request.go:29.85,29.85 0 1
github.com/mrhumster/stream-service/internal/delivery/http/dto/request/update_stream_request.go:30.11,31.62 1 1
github.com/mrhumster/stream-service/internal/delivery/http/dto/request/update_stream_request.go:34.2,34.12 1 1
github.com/mrhumster/stream-service/internal/delivery/http/dto/request/update_stream_request.go:37.87,38.37 1 0
github.com/mrhumster/stream-service/internal/delivery/http/dto/request/update_stream_request.go:38.37,40.3 1 0
github.com/mrhumster/stream-service/internal/delivery/http/dto/request/update_stream_request.go:41.2,46.8 1 0
github.com/mrhumster/stream-service/internal/delivery/http/dto/request/validation.go:7.58,9.2 1 0
github.com/mrhumster/stream-service/internal/delivery/http/dto/request/validation.go:11.42,13.2 1 0
github.com/mrhumster/stream-service/internal/delivery/http/dto/request/video_upload.go:19.86,21.16 2 0
github.com/mrhumster/stream-service/internal/delivery/http/dto/request/video_upload.go:21.16,23.3 1 0
github.com/mrhumster/stream-service/internal/delivery/http/dto/request/video_upload.go:24.2,25.43 2 0
github.com/mrhumster/stream-service/internal/delivery/http/dto/request/video_upload.go:25.43,27.3 1 0
github.com/mrhumster/stream-service/internal/delivery/http/dto/request/video_upload.go:29.2,30.37 2 0
github.com/mrhumster/stream-service/internal/delivery/http/dto/request/video_upload.go:30.37,32.3 1 0
github.com/mrhumster/stream-service/internal/delivery/http/dto/request/video_upload.go:34.2,35.38 2 0
github.com/mrhumster/stream-service/internal/delivery/http/dto/request/video_upload.go:35.38,37.3 1 0
github.com/mrhumster/stream-service/internal/delivery/http/dto/request/video_upload.go:39.2,45.8 1 0
github.com/mrhumster/stream-service/internal/delivery/http/dto/request/video_upload.go:48.55,59.2 2 0
github.com/mrhumster/stream-service/internal/delivery/http/dto/request/video_upload.go:61.50,64.40 3 0
github.com/mrhumster/stream-service/internal/delivery/http/dto/request/video_upload.go:64.40,65.39 1 0
github.com/mrhumster/stream-service/internal/delivery/http/dto/request/video_upload.go:65.39,67.4 1 0
github.com/mrhumster/stream-service/internal/delivery/http/dto/request/video_upload.go:69.2,69.14 1 0
github.com/mrhumster/stream-service/internal/delivery/http/dto/response/download.go:18.103,19.40 1 0
github.com/mrhumster/stream-service/internal/delivery/http/dto/response/download.go:19.40,21.3 1 0
github.com/mrhumster/stream-service/internal/delivery/http/dto/response/download.go:23.2,23.50 1 0
github.com/mrhumster/stream-service/internal/delivery/http/dto/response/download.go:23.50,25.3 1 0
github.com/mrhumster/stream-service/internal/delivery/http/dto/response/download.go:26.2,32.8 1 0
github.com/mrhumster/stream-service/internal/delivery/http/dto/response/error.go:7.39,11.2 1 0
github.com/mrhumster/stream-service/internal/delivery/http/dto/response/stream_response.go:26.60,39.26 2 1
github.com/mrhumster/stream-service/internal/delivery/http/dto/response/stream_response.go:39.26,43.3 3 1
github.com/mrhumster/stream-service/internal/delivery/http/dto/response/stream_response.go:45.2,45.30 1 1
github.com/mrhumster/stream-service/internal/delivery/http/dto/response/stream_response.go:45.30,49.3 3 1
github.com/mrhumster/stream-service/internal/delivery/http/dto/response/stream_response.go:51.2,51.29 1 1
github.com/mrhumster/stream-service/internal/delivery/http/dto/response/stream_response.go:51.29,55.3 3 1
github.com/mrhumster/stream-service/internal/delivery/http/dto/response/stream_response.go:57.2,57.13 1 1
github.com/mrhumster/stream-service/internal/domain/models/base.go:17.56,18.25 1 0
github.com/mrhumster/stream-service/internal/domain/models/base.go:18.25,20.3 1 0
github.com/mrhumster/stream-service/internal/domain/models/base.go:21.2,23.12 3 0
github.com/mrhumster/stream-service/internal/domain/models/base.go:26.56,29.2 2 0
github.com/mrhumster/stream-service/internal/domain/models/stream_methods.go:11.33,13.2 1 1
github.com/mrhumster/stream-service/internal/domain/models/stream_methods.go:15.38,17.2 1 0
github.com/mrhumster/stream-service/internal/domain/models/stream_methods.go:19.37,21.2 1 1
github.com/mrhumster/stream-service/internal/domain/models/stream_methods.go:23.33,25.2 1 1
github.com/mrhumster/stream-service/internal/domain/models/stream_methods.go:27.36,29.2 1 0
github.com/mrhumster/stream-service/internal/domain/models/stream_methods.go:31.34,32.21 1 0
github.com/mrhumster/stream-service/internal/domain/models/stream_methods.go:32.21,34.3 1 0
github.com/mrhumster/stream-service/internal/domain/models/stream_methods.go:35.2,38.12 4 0
github.com/mrhumster/stream-service/internal/domain/models/stream_methods.go:41.30,44.2 2 0
github.com/mrhumster/stream-service/internal/domain/models/stream_methods.go:46.57,48.62 2 0
github.com/mrhumster/stream-service/internal/domain/models/stream_methods.go:48.62,50.3 1 0
github.com/mrhumster/stream-service/internal/domain/models/stream_methods.go:51.2,51.23 1 0
github.com/mrhumster/stream-service/internal/domain/models/stream_methods.go:54.62,56.16 2 0
github.com/mrhumster/stream-service/internal/domain/models/stream_methods.go:56.16,58.3 1 0
github.com/mrhumster/stream-service/internal/domain/models/stream_methods.go:59.2,60.12 2 0
github.com/mrhumster/stream-service/internal/domain/models/stream_methods.go:63.59,65.64 2 0
github.com/mrhumster/stream-service/internal/domain/models/stream_methods.go:65.64,67.3 1 0
github.com/mrhumster/stream-service/internal/domain/models/stream_methods.go:68.2,68.24 1 0
github.com/mrhumster/stream-service/internal/domain/models/stream_methods.go:71.65,73.16 2 0
github.com/mrhumster/stream-service/internal/domain/models/stream_methods.go:73.16,75.3 1 0
github.com/mrhumster/stream-service/internal/domain/models/stream_methods.go:76.2,77.12 2 0
github.com/mrhumster/stream-service/internal/domain/models/stream_methods.go:80.86,87.16 3 0
github.com/mrhumster/stream-service/internal/domain/models/stream_methods.go:87.16,89.3 1 0
github.com/mrhumster/stream-service/internal/domain/models/stream_methods.go:90.2,91.12 2 0
github.com/mrhumster/stream-service/internal/domain/models/stream_methods.go:94.34,96.2 1 0
github.com/mrhumster/stream-service/internal/domain/models/stream_methods.go:98.51,100.2 1 1
github.com/mrhumster/stream-service/internal/domain/models/stream_validation.go:17.35,18.42 1 1
github.com/mrhumster/stream-service/internal/domain/models/stream_validation.go:18.42,20.3 1 1
github.com/mrhumster/stream-service/internal/domain/models/stream_validation.go:22.2,22.47 1 1
github.com/mrhumster/stream-service/internal/domain/models/stream_validation.go:22.47,24.3 1 1
github.com/mrhumster/stream-service/internal/domain/models/stream_validation.go:26.2,26.43 1 1
github.com/mrhumster/stream-service/internal/domain/models/stream_validation.go:26.43,28.3 1 1
github.com/mrhumster/stream-service/internal/domain/models/stream_validation.go:30.2,30.44 1 1
github.com/mrhumster/stream-service/internal/domain/models/stream_validation.go:30.44,32.3 1 1
github.com/mrhumster/stream-service/internal/domain/models/stream_validation.go:33.2,33.12 1 1
github.com/mrhumster/stream-service/internal/domain/models/stream_validation.go:36.41,37.18 1 1
github.com/mrhumster/stream-service/internal/domain/models/stream_validation.go:38.80,39.13 1 1
github.com/mrhumster/stream-service/internal/domain/models/stream_validation.go:40.10,41.26 1 1
github.com/mrhumster/stream-service/internal/domain/models/stream_validation.go:45.40,46.19 1 1
github.com/mrhumster/stream-service/internal/domain/models/stream_validation.go:46.19,48.3 1 1
github.com/mrhumster/stream-service/internal/domain/models/stream_validation.go:49.2,49.24 1 1
github.com/mrhumster/stream-service/internal/domain/models/stream_validation.go:49.24,51.3 1 1
github.com/mrhumster/stream-service/internal/domain/models/stream_validation.go:52.2,52.12 1 1
github.com/mrhumster/stream-service/internal/domain/models/stream_validation.go:55.45,56.22 1 1
github.com/mrhumster/stream-service/internal/domain/models/stream_validation.go:57.63,58.13 1 1
github.com/mrhumster/stream-service/internal/domain/models/stream_validation.go:59.10,60.30 1 1
github.com/mrhumster/stream-service/internal/domain/models/stream_validation.go:64.42,65.27 1 1
github.com/mrhumster/stream-service/internal/domain/models/stream_validation.go:65.27,67.3 1 1
github.com/mrhumster/stream-service/internal/domain/models/stream_validation.go:68.2,68.12 1 1
github.com/mrhumster/stream-service/internal/delivery/http/handlers/stream_handler.go:21.69,23.2 1 1
github.com/mrhumster/stream-service/internal/delivery/http/handlers/stream_handler.go:25.58,34.17 5 1
github.com/mrhumster/stream-service/internal/delivery/http/handlers/stream_handler.go:34.17,36.17 2 1
github.com/mrhumster/stream-service/internal/delivery/http/handlers/stream_handler.go:36.17,39.4 2 1
github.com/mrhumster/stream-service/internal/delivery/http/handlers/stream_handler.go:40.3,40.26 1 1
github.com/mrhumster/stream-service/internal/delivery/http/handlers/stream_handler.go:43.2,43.18 1 1
github.com/mrhumster/stream-service/internal/delivery/http/handlers/stream_handler.go:43.18,45.17 2 1
github.com/mrhumster/stream-service/internal/delivery/http/handlers/stream_handler.go:45.17,48.4 2 1
github.com/mrhumster/stream-service/internal/delivery/http/handlers/stream_handler.go:49.3,49.28 1 1
github.com/mrhumster/stream-service/internal/delivery/http/handlers/stream_handler.go:52.2,53.16 2 1
github.com/mrhumster/stream-service/internal/delivery/http/handlers/stream_handler.go:53.16,56.3 2 1
github.com/mrhumster/stream-service/internal/delivery/http/handlers/stream_handler.go:58.2,60.28 2 1
github.com/mrhumster/stream-service/internal/delivery/http/handlers/stream_handler.go:60.28,63.3 2 1
github.com/mrhumster/stream-service/internal/delivery/http/handlers/stream_handler.go:65.2,72.36 2 1
github.com/mrhumster/stream-service/internal/delivery/http/handlers/stream_handler.go:75.54,77.13 2 1
github.com/mrhumster/stream-service/internal/delivery/http/handlers/stream_handler.go:77.13,80.3 2 1
github.com/mrhumster/stream-service/internal/delivery/http/handlers/stream_handler.go:82.2,83.9 2 1
github.com/mrhumster/stream-service/internal/delivery/http/handlers/stream_handler.go:83.9,86.3 2 1
github.com/mrhumster/stream-service/internal/delivery/http/handlers/stream_handler.go:88.2,89.47 2 1
github.com/mrhumster/stream-service/internal/delivery/http/handlers/stream_handler.go:89.47,92.3 2 1
github.com/mrhumster/stream-service/internal/delivery/http/handlers/stream_handler.go:94.2,95.16 2 1
github.com/mrhumster/stream-service/internal/delivery/http/handlers/stream_handler.go:95.16,98.3 2 1
github.com/mrhumster/stream-service/internal/delivery/http/handlers/stream_handler.go:100.2,101.16 2 1
github.com/mrhumster/stream-service/internal/delivery/http/handlers/stream_handler.go:101.16,105.3 2 1
github.com/mrhumster/stream-service/internal/delivery/http/handlers/stream_handler.go:107.2,108.34 2 1
github.com/mrhumster/stream-service/internal/delivery/http/handlers/stream_handler.go:111.51,115.16 3 1
github.com/mrhumster/stream-service/internal/delivery/http/handlers/stream_handler.go:115.16,118.3 2 1
github.com/mrhumster/stream-service/internal/delivery/http/handlers/stream_handler.go:120.2,122.16 2 1
github.com/mrhumster/stream-service/internal/delivery/http/handlers/stream_handler.go:122.16,125.3 2 1
github.com/mrhumster/stream-service/internal/delivery/http/handlers/stream_handler.go:127.2,127.50 1 1
github.com/mrhumster/stream-service/internal/delivery/http/handlers/stream_handler.go:127.50,129.14 2 1
github.com/mrhumster/stream-service/internal/delivery/http/handlers/stream_handler.go:129.14,132.4 2 1
github.com/mrhumster/stream-service/internal/delivery/http/handlers/stream_handler.go:134.3,136.10 2 1
github.com/mrhumster/stream-service/internal/delivery/http/handlers/stream_handler.go:136.10,139.4 2 1
github.com/mrhumster/stream-service/internal/delivery/http/handlers/stream_handler.go:143.2,144.29 2 1
github.com/mrhumster/stream-service/internal/delivery/http/handlers/stream_handler.go:147.54,150.13 2 1
github.com/mrhumster/stream-service/internal/delivery/http/handlers/stream_handler.go:150.13,153.3 2 1
github.com/mrhumster/stream-service/internal/delivery/http/handlers/stream_handler.go:155.2,157.9 2 1
github.com/mrhumster/stream-service/internal/delivery/http/handlers/stream_handler.go:157.9,160.3 2 1
github.com/mrhumster/stream-service/internal/delivery/http/handlers/stream_handler.go:162.2,165.16 3 1
github.com/mrhumster/stream-service/internal/delivery/http/handlers/stream_handler.go:165.16,168.3 2 1
github.com/mrhumster/stream-service/internal/delivery/http/handlers/stream_handler.go:170.2,172.47 2 1
github.com/mrhumster/stream-service/internal/delivery/http/handlers/stream_handler.go:172.47,175.3 2 1
github.com/mrhumster/stream-service/internal/delivery/http/handlers/stream_handler.go:177.2,179.16 2 1
github.com/mrhumster/stream-service/internal/delivery/http/handlers/stream_handler.go:179.16,182.3 2 1
github.com/mrhumster/stream-service/internal/delivery/http/handlers/stream_handler.go:184.2,186.16 2 1
github.com/mrhumster/stream-service/internal/delivery/http/handlers/stream_handler.go:186.16,189.3 2 1
github.com/mrhumster/stream-service/internal/delivery/http/handlers/stream_handler.go:191.2,193.29 2 1
github.com/mrhumster/stream-service/internal/delivery/http/handlers/stream_handler.go:196.54,199.13 2 1
github.com/mrhumster/stream-service/internal/delivery/http/handlers/stream_handler.go:199.13,202.3 2 1
github.com/mrhumster/stream-service/internal/delivery/http/handlers/stream_handler.go:204.2,206.9 2 1
github.com/mrhumster/stream-service/internal/delivery/http/handlers/stream_handler.go:206.9,209.3 2 1
github.com/mrhumster/stream-service/internal/delivery/http/handlers/stream_handler.go:211.2,215.16 3 1
github.com/mrhumster/stream-service/internal/delivery/http/handlers/stream_handler.go:215.16,218.3 2 1
github.com/mrhumster/stream-service/internal/delivery/http/handlers/stream_handler.go:220.2,221.28 2 1
github.com/mrhumster/stream-service/internal/delivery/http/handlers/stream_handler.go:224.53,226.13 2 1
github.com/mrhumster/stream-service/internal/delivery/http/handlers/stream_handler.go:226.13,229.3 2 1
github.com/mrhumster/stream-service/internal/delivery/http/handlers/stream_handler.go:230.2,231.9 2 1
github.com/mrhumster/stream-service/internal/delivery/http/handlers/stream_handler.go:231.9,234.3 2 1
github.com/mrhumster/stream-service/internal/delivery/http/handlers/stream_handler.go:235.2,237.16 3 1
github.com/mrhumster/stream-service/internal/delivery/http/handlers/stream_handler.go:237.16,240.3 2 1
github.com/mrhumster/stream-service/internal/delivery/http/handlers/stream_handler.go:241.2,242.16 2 1
github.com/mrhumster/stream-service/internal/delivery/http/handlers/stream_handler.go:242.16,245.3 2 1
github.com/mrhumster/stream-service/internal/delivery/http/handlers/stream_handler.go:246.2,255.16 4 1
github.com/mrhumster/stream-service/internal/delivery/http/handlers/stream_handler.go:255.16,256.50 1 1
github.com/mrhumster/stream-service/internal/delivery/http/handlers/stream_handler.go:256.50,258.4 1 1
github.com/mrhumster/stream-service/internal/delivery/http/handlers/stream_handler.go:258.9,260.4 1 0
github.com/mrhumster/stream-service/internal/delivery/http/handlers/stream_handler.go:261.3,261.9 1 1
github.com/mrhumster/stream-service/internal/delivery/http/handlers/stream_handler.go:263.2,264.16 2 1
github.com/mrhumster/stream-service/internal/delivery/http/handlers/stream_handler.go:264.16,267.3 2 1
github.com/mrhumster/stream-service/internal/delivery/http/handlers/stream_handler.go:268.2,271.4 1 1
github.com/mrhumster/stream-service/internal/delivery/http/handlers/stream_handler.go:274.56,278.16 3 1
github.com/mrhumster/stream-service/internal/delivery/http/handlers/stream_handler.go:278.16,281.3 2 1
github.com/mrhumster/stream-service/internal/delivery/http/handlers/stream_handler.go:283.2,284.16 2 1
github.com/mrhumster/stream-service/internal/delivery/http/handlers/stream_handler.go:284.16,287.3 2 1
github.com/mrhumster/stream-service/internal/delivery/http/handlers/stream_handler.go:289.2,291.16 2 1
github.com/mrhumster/stream-service/internal/delivery/http/handlers/stream_handler.go:291.16,294.3 2 1
github.com/mrhumster/stream-service/internal/delivery/http/handlers/stream_handler.go:296.2,297.20 2 1
github.com/mrhumster/stream-service/internal/delivery/http/handlers/stream_handler.go:297.20,300.3 2 1
github.com/mrhumster/stream-service/internal/delivery/http/handlers/stream_handler.go:302.2,302.29 1 1
github.com/mrhumster/stream-service/internal/delivery/http/handlers/stream_handler.go:305.72,308.9 2 1
github.com/mrhumster/stream-service/internal/delivery/http/handlers/stream_handler.go:309.47,310.74 1 1
github.com/mrhumster/stream-service/internal/delivery/http/handlers/stream_handler.go:311.47,312.93 1 1
github.com/mrhumster/stream-service/internal/delivery/http/handlers/stream_handler.go:313.10,314.101 1 1
github.com/mrhumster/stream-service/internal/delivery/http/middleware/auth.go:16.73,17.30 1 0
github.com/mrhumster/stream-service/internal/delivery/http/middleware/auth.go:17.30,21.17 3 0
github.com/mrhumster/stream-service/internal/delivery/http/middleware/auth.go:21.17,26.4 4 0
github.com/mrhumster/stream-service/internal/delivery/http/middleware/auth.go:28.3,30.11 3 0
github.com/mrhumster/stream-service/internal/delivery/http/middleware/auth.go:34.43,36.22 2 0
github.com/mrhumster/stream-service/internal/delivery/http/middleware/auth.go:36.22,38.3 1 0
github.com/mrhumster/stream-service/internal/delivery/http/middleware/auth.go:39.2,40.45 2 0
github.com/mrhumster/stream-service/internal/delivery/http/middleware/auth.go:40.45,42.3 1 0
github.com/mrhumster/stream-service/internal/delivery/http/middleware/auth.go:43.2,43.17 1 0
github.com/mrhumster/stream-service/internal/delivery/http/middleware/auth.go:46.86,48.2 1 0
github.com/mrhumster/stream-service/internal/delivery/http/routes/routes.go:26.134,33.14 3 0
github.com/mrhumster/stream-service/internal/delivery/http/routes/routes.go:34.16,36.33 2 0
github.com/mrhumster/stream-service/internal/delivery/http/routes/routes.go:37.17,39.33 2 0
github.com/mrhumster/stream-service/internal/delivery/http/routes/routes.go:40.19,42.33 2 0
github.com/mrhumster/stream-service/internal/delivery/http/routes/routes.go:43.10,45.33 2 0
github.com/mrhumster/stream-service/internal/delivery/http/routes/routes.go:49.2,56.16 2 0
github.com/mrhumster/stream-service/internal/delivery/http/routes/routes.go:56.16,58.3 1 0
github.com/mrhumster/stream-service/internal/delivery/http/routes/routes.go:60.2,61.16 2 0
github.com/mrhumster/stream-service/internal/delivery/http/routes/routes.go:61.16,63.3 1 0
github.com/mrhumster/stream-service/internal/delivery/http/routes/routes.go:65.2,69.47 4 0
github.com/mrhumster/stream-service/internal/delivery/http/routes/routes.go:69.47,70.36 1 0
github.com/mrhumster/stream-service/internal/delivery/http/routes/routes.go:70.36,74.4 3 0
github.com/mrhumster/stream-service/internal/delivery/http/routes/routes.go:75.3,75.47 1 0
github.com/mrhumster/stream-service/internal/delivery/http/routes/routes.go:78.2,85.2 7 0
github.com/mrhumster/stream-service/internal/delivery/http/routes/routes.go:85.2,90.3 4 0
github.com/mrhumster/stream-service/internal/delivery/http/routes/routes.go:91.2,91.15 1 0
github.com/mrhumster/stream-service/internal/service/stream_service_impl.go:26.134,32.2 1 1
github.com/mrhumster/stream-service/internal/service/stream_service_impl.go:34.112,35.21 1 1
github.com/mrhumster/stream-service/internal/service/stream_service_impl.go:35.21,37.3 1 1
github.com/mrhumster/stream-service/internal/service/stream_service_impl.go:38.2,38.29 1 1
github.com/mrhumster/stream-service/internal/service/stream_service_impl.go:38.29,40.3 1 0
github.com/mrhumster/stream-service/internal/service/stream_service_impl.go:41.2,48.23 2 1
github.com/mrhumster/stream-service/internal/service/stream_service_impl.go:48.23,50.17 2 1
github.com/mrhumster/stream-service/internal/service/stream_service_impl.go:50.17,52.4 1 0
github.com/mrhumster/stream-service/internal/service/stream_service_impl.go:53.3,53.41 1 1
github.com/mrhumster/stream-service/internal/service/stream_service_impl.go:55.2,55.51 1 1
github.com/mrhumster/stream-service/internal/service/stream_service_impl.go:55.51,57.3 1 1
github.com/mrhumster/stream-service/internal/service/stream_service_impl.go:58.2,61.27 4 1
github.com/mrhumster/stream-service/internal/service/stream_service_impl.go:61.27,63.17 2 1
github.com/mrhumster/stream-service/internal/service/stream_service_impl.go:63.17,65.4 1 0
github.com/mrhumster/stream-service/internal/service/stream_service_impl.go:66.3,66.12 1 1
github.com/mrhumster/stream-service/internal/service/stream_service_impl.go:66.12,68.4 1 1
github.com/mrhumster/stream-service/internal/service/stream_service_impl.go:70.2,70.20 1 1
github.com/mrhumster/stream-service/internal/service/stream_service_impl.go:73.98,75.16 2 1
github.com/mrhumster/stream-service/internal/service/stream_service_impl.go:75.16,76.45 1 1
github.com/mrhumster/stream-service/internal/service/stream_service_impl.go:76.45,78.4 1 1
github.com/mrhumster/stream-service/internal/service/stream_service_impl.go:79.3,79.58 1 1
github.com/mrhumster/stream-service/internal/service/stream_service_impl.go:81.2,81.20 1 1
github.com/mrhumster/stream-service/internal/service/stream_service_impl.go:84.126,86.45 2 1
github.com/mrhumster/stream-service/internal/service/stream_service_impl.go:86.45,88.3 1 1
github.com/mrhumster/stream-service/internal/service/stream_service_impl.go:89.2,89.16 1 1
github.com/mrhumster/stream-service/internal/service/stream_service_impl.go:89.16,91.3 1 0
github.com/mrhumster/stream-service/internal/service/stream_service_impl.go:92.2,92.22 1 1
github.com/mrhumster/stream-service/internal/service/stream_service_impl.go:92.22,93.23 1 1
github.com/mrhumster/stream-service/internal/service/stream_service_impl.go:93.23,95.4 1 1
github.com/mrhumster/stream-service/internal/service/stream_service_impl.go:96.3,96.28 1 1
github.com/mrhumster/stream-service/internal/service/stream_service_impl.go:96.28,98.4 1 1
github.com/mrhumster/stream-service/internal/service/stream_service_impl.go:99.3,99.28 1 1
github.com/mrhumster/stream-service/internal/service/stream_service_impl.go:101.2,101.28 1 1
github.com/mrhumster/stream-service/internal/service/stream_service_impl.go:101.28,103.3 1 1
github.com/mrhumster/stream-service/internal/service/stream_service_impl.go:104.2,104.27 1 1
github.com/mrhumster/stream-service/internal/service/stream_service_impl.go:104.27,106.3 1 1
github.com/mrhumster/stream-service/internal/service/stream_service_impl.go:107.2,107.21 1 1
github.com/mrhumster/stream-service/internal/service/stream_service_impl.go:107.21,109.17 2 1
github.com/mrhumster/stream-service/internal/service/stream_service_impl.go:109.17,111.4 1 0
github.com/mrhumster/stream-service/internal/service/stream_service_impl.go:112.3,112.41 1 1
github.com/mrhumster/stream-service/internal/service/stream_service_impl.go:114.2,114.51 1 1
github.com/mrhumster/stream-service/internal/service/stream_service_impl.go:114.51,116.3 1 0
github.com/mrhumster/stream-service/internal/service/stream_service_impl.go:117.2,117.20 1 1
github.com/mrhumster/stream-service/internal/service/stream_service_impl.go:120.83,122.16 2 1
github.com/mrhumster/stream-service/internal/service/stream_service_impl.go:122.16,123.45 1 1
github.com/mrhumster/stream-service/internal/service/stream_service_impl.go:123.45,125.4 1 1
github.com/mrhumster/stream-service/internal/service/stream_service_impl.go:126.3,126.52 1 1
github.com/mrhumster/stream-service/internal/service/stream_service_impl.go:128.2,128.45 1 1
github.com/mrhumster/stream-service/internal/service/stream_service_impl.go:128.45,130.3 1 1
github.com/mrhumster/stream-service/internal/service/stream_service_impl.go:132.2,132.27 1 1
github.com/mrhumster/stream-service/internal/service/stream_service_impl.go:132.27,136.17 3 1
github.com/mrhumster/stream-service/internal/service/stream_service_impl.go:136.17,138.4 1 0
github.com/mrhumster/stream-service/internal/service/stream_service_impl.go:139.3,139.21 1 1
github.com/mrhumster/stream-service/internal/service/stream_service_impl.go:139.21,141.18 2 1
github.com/mrhumster/stream-service/internal/service/stream_service_impl.go:141.18,143.5 1 0
github.com/mrhumster/stream-service/internal/service/stream_service_impl.go:147.2,147.47 1 1
github.com/mrhumster/stream-service/internal/service/stream_service_impl.go:147.47,149.3 1 0
github.com/mrhumster/stream-service/internal/service/stream_service_impl.go:152.2,155.27 4 1
github.com/mrhumster/stream-service/internal/service/stream_service_impl.go:155.27,157.17 2 1
github.com/mrhumster/stream-service/internal/service/stream_service_impl.go:157.17,159.4 1 0
github.com/mrhumster/stream-service/internal/service/stream_service_impl.go:161.3,161.14 1 1
github.com/mrhumster/stream-service/internal/service/stream_service_impl.go:161.14,163.4 1 1
github.com/mrhumster/stream-service/internal/service/stream_service_impl.go:166.2,166.12 1 1
github.com/mrhumster/stream-service/internal/service/stream_service_impl.go:169.120,171.16 2 1
github.com/mrhumster/stream-service/internal/service/stream_service_impl.go:171.16,173.3 1 1
github.com/mrhumster/stream-service/internal/service/stream_service_impl.go:174.2,174.21 1 1
github.com/mrhumster/stream-service/internal/service/stream_service_impl.go:177.110,183.2 2 1
github.com/mrhumster/stream-service/internal/service/stream_service_impl.go:185.90,187.2 1 0
github.com/mrhumster/stream-service/internal/service/stream_service_impl.go:189.92,191.2 1 0
github.com/mrhumster/stream-service/internal/service/stream_service_impl.go:193.123,195.2 1 0
github.com/mrhumster/stream-service/internal/service/stream_service_impl.go:197.109,199.16 2 1
github.com/mrhumster/stream-service/internal/service/stream_service_impl.go:199.16,200.45 1 1
github.com/mrhumster/stream-service/internal/service/stream_service_impl.go:200.45,202.4 1 0
github.com/mrhumster/stream-service/internal/service/stream_service_impl.go:203.3,203.58 1 1
github.com/mrhumster/stream-service/internal/service/stream_service_impl.go:206.2,206.45 1 1
github.com/mrhumster/stream-service/internal/service/stream_service_impl.go:206.45,208.3 1 1
github.com/mrhumster/stream-service/internal/service/stream_service_impl.go:210.2,214.16 3 1
github.com/mrhumster/stream-service/internal/service/stream_service_impl.go:214.16,216.3 1 1
github.com/mrhumster/stream-service/internal/service/stream_service_impl.go:218.2,224.16 3 1
github.com/mrhumster/stream-service/internal/service/stream_service_impl.go:224.16,226.3 1 0
github.com/mrhumster/stream-service/internal/service/stream_service_impl.go:228.2,231.51 3 1
github.com/mrhumster/stream-service/internal/service/stream_service_impl.go:231.51,233.3 1 1
github.com/mrhumster/stream-service/internal/service/stream_service_impl.go:234.2,237.8 1 1
github.com/mrhumster/stream-service/internal/service/stream_service_impl.go:240.97,242.2 1 0
github.com/mrhumster/stream-service/internal/service/stream_service_impl.go:244.122,246.2 1 0
github.com/mrhumster/stream-service/internal/service/stream_service_impl.go:248.92,250.16 2 1
github.com/mrhumster/stream-service/internal/service/stream_service_impl.go:250.16,251.45 1 1
github.com/mrhumster/stream-service/internal/service/stream_service_impl.go:251.45,253.4 1 1
github.com/mrhumster/stream-service/internal/service/stream_service_impl.go:254.3,254.53 1 0
github.com/mrhumster/stream-service/internal/service/stream_service_impl.go:256.2,256.34 1 1
github.com/mrhumster/stream-service/internal/service/stream_service_impl.go:256.34,258.3 1 0
github.com/mrhumster/stream-service/internal/service/stream_service_impl.go:260.2,260.41 1 1
github.com/mrhumster/stream-service/internal/service/stream_service_impl.go:260.41,262.3 1 1
github.com/mrhumster/stream-service/internal/service/stream_service_impl.go:264.2,270.16 3 1
github.com/mrhumster/stream-service/internal/service/stream_service_impl.go:270.16,272.3 1 1
github.com/mrhumster/stream-service/internal/service/stream_service_impl.go:274.2,282.16 3 1
github.com/mrhumster/stream-service/internal/service/stream_service_impl.go:282.16,285.3 2 0
github.com/mrhumster/stream-service/internal/service/stream_service_impl.go:287.2,293.16 3 1
github.com/mrhumster/stream-service/internal/service/stream_service_impl.go:293.16,296.3 2 0
github.com/mrhumster/stream-service/internal/service/stream_service_impl.go:298.2,304.51 5 1
github.com/mrhumster/stream-service/internal/service/stream_service_impl.go:304.51,307.3 2 1
github.com/mrhumster/stream-service/internal/service/stream_service_impl.go:312.2,312.12 1 1
github.com/mrhumster/stream-service/internal/service/stream_service_impl.go:315.108,319.16 3 0
github.com/mrhumster/stream-service/internal/service/stream_service_impl.go:319.16,322.3 2 0
github.com/mrhumster/stream-service/internal/service/stream_service_impl.go:327.2,330.67 3 0
github.com/mrhumster/stream-service/internal/service/stream_service_impl.go:330.67,332.3 1 0
github.com/mrhumster/stream-service/internal/service/stream_service_impl.go:334.2,339.16 5 0
github.com/mrhumster/stream-service/internal/service/stream_service_impl.go:339.16,342.3 2 0
github.com/mrhumster/stream-service/internal/service/stream_service_impl.go:344.2,348.51 4 0
github.com/mrhumster/stream-service/internal/service/stream_service_impl.go:348.51,350.3 1 0
github.com/mrhumster/stream-service/internal/service/stream_service_impl.go:352.2,352.66 1 0
github.com/mrhumster/stream-service/internal/service/stream_service_impl.go:355.124,358.16 2 1
github.com/mrhumster/stream-service/internal/service/stream_service_impl.go:358.16,359.45 1 0
github.com/mrhumster/stream-service/internal/service/stream_service_impl.go:359.45,361.4 1 0
github.com/mrhumster/stream-service/internal/service/stream_service_impl.go:362.3,362.58 1 0
github.com/mrhumster/stream-service/internal/service/stream_service_impl.go:365.2,365.41 1 1
github.com/mrhumster/stream-service/internal/service/stream_service_impl.go:365.41,367.3 1 0
github.com/mrhumster/stream-service/internal/service/stream_service_impl.go:369.2,370.69 2 1
github.com/mrhumster/stream-service/internal/service/stream_service_impl.go:370.69,372.3 1 0
github.com/mrhumster/stream-service/internal/service/stream_service_impl.go:374.2,374.27 1 1
github.com/mrhumster/stream-service/internal/service/stream_service_impl.go:374.27,376.3 1 0
github.com/mrhumster/stream-service/internal/service/stream_service_impl.go:378.2,379.69 2 1
github.com/mrhumster/stream-service/internal/service/stream_service_impl.go:379.69,381.3 1 0
github.com/mrhumster/stream-service/internal/service/stream_service_impl.go:383.2,387.16 3 1
github.com/mrhumster/stream-service/internal/service/stream_service_impl.go:387.16,389.3 1 0
github.com/mrhumster/stream-service/internal/service/stream_service_impl.go:391.2,398.18 2 1
github.com/mrhumster/stream-service/internal/service/token_service.go:20.62,21.34 1 0
github.com/mrhumster/stream-service/internal/service/token_service.go:21.34,23.3 1 0
github.com/mrhumster/stream-service/internal/service/token_service.go:25.2,29.16 4 0
github.com/mrhumster/stream-service/internal/service/token_service.go:29.16,31.3 1 0
github.com/mrhumster/stream-service/internal/service/token_service.go:33.2,34.16 2 0
github.com/mrhumster/stream-service/internal/service/token_service.go:34.16,36.3 1 0
github.com/mrhumster/stream-service/internal/service/token_service.go:38.2,40.38 2 0
github.com/mrhumster/stream-service/internal/service/token_service.go:40.38,42.3 1 0
github.com/mrhumster/stream-service/internal/service/token_service.go:44.2,45.16 2 0
github.com/mrhumster/stream-service/internal/service/token_service.go:45.16,47.3 1 0
github.com/mrhumster/stream-service/internal/service/token_service.go:49.2,55.8 3 0
github.com/mrhumster/stream-service/internal/service/token_service.go:58.94,59.109 1 0
github.com/mrhumster/stream-service/internal/service/token_service.go:59.109,60.57 1 0
github.com/mrhumster/stream-service/internal/service/token_service.go:60.57,62.4 1 0
github.com/mrhumster/stream-service/internal/service/token_service.go:63.3,63.32 1 0
github.com/mrhumster/stream-service/internal/service/token_service.go:65.2,65.16 1 0
github.com/mrhumster/stream-service/internal/service/token_service.go:65.16,67.3 1 0
github.com/mrhumster/stream-service/internal/service/token_service.go:68.2,68.59 1 0
github.com/mrhumster/stream-service/internal/service/token_service.go:68.59,71.18 2 0
github.com/mrhumster/stream-service/internal/service/token_service.go:71.18,73.4 1 0
github.com/mrhumster/stream-service/internal/service/token_service.go:74.8,75.56 1 0
github.com/mrhumster/stream-service/internal/service/token_service.go:75.56,77.4 1 0
github.com/mrhumster/stream-service/internal/service/token_service.go:79.2,79.54 1 0
github.com/mrhumster/stream-service/internal/storage/factory.go:11.73,17.16 2 0
github.com/mrhumster/stream-service/internal/storage/factory.go:17.16,19.3 1 0
github.com/mrhumster/stream-service/internal/storage/factory.go:21.2,21.53 1 0
github.com/mrhumster/stream-service/internal/storage/minio_storage.go:18.71,23.2 1 0
github.com/mrhumster/stream-service/internal/storage/minio_storage.go:25.47,27.2 1 0
github.com/mrhumster/stream-service/internal/storage/minio_storage.go:29.99,31.16 2 1
github.com/mrhumster/stream-service/internal/storage/minio_storage.go:31.16,33.3 1 0
github.com/mrhumster/stream-service/internal/storage/minio_storage.go:35.2,35.13 1 1
github.com/mrhumster/stream-service/internal/storage/minio_storage.go:35.13,36.55 1 1
github.com/mrhumster/stream-service/internal/storage/minio_storage.go:36.55,38.4 1 1
github.com/mrhumster/stream-service/internal/storage/minio_storage.go:40.2,44.16 2 1
github.com/mrhumster/stream-service/internal/storage/minio_storage.go:44.16,46.3 1 1
github.com/mrhumster/stream-service/internal/storage/minio_storage.go:48.2,48.12 1 1
github.com/mrhumster/stream-service/internal/storage/minio_storage.go:51.90,53.16 2 1
github.com/mrhumster/stream-service/internal/storage/minio_storage.go:53.16,55.3 1 1
github.com/mrhumster/stream-service/internal/storage/minio_storage.go:56.2,56.17 1 0
github.com/mrhumster/stream-service/internal/storage/minio_storage.go:59.71,61.16 2 1
github.com/mrhumster/stream-service/internal/storage/minio_storage.go:61.16,63.3 1 1
github.com/mrhumster/stream-service/internal/storage/minio_storage.go:64.2,64.12 1 1
github.com/mrhumster/stream-service/internal/storage/minio_storage.go:67.79,69.16 2 1
github.com/mrhumster/stream-service/internal/storage/minio_storage.go:69.16,70.52 1 1
github.com/mrhumster/stream-service/internal/storage/minio_storage.go:70.52,71.25 1 1
github.com/mrhumster/stream-service/internal/storage/minio_storage.go:72.21,73.22 1 1
github.com/mrhumster/stream-service/internal/storage/minio_storage.go:74.24,75.36 1 1
github.com/mrhumster/stream-service/internal/storage/minio_storage.go:78.3,78.37 1 0
github.com/mrhumster/stream-service/internal/storage/minio_storage.go:80.2,80.18 1 1
github.com/mrhumster/stream-service/internal/storage/minio_storage.go:83.87,85.16 2 1
github.com/mrhumster/stream-service/internal/storage/minio_storage.go:85.16,87.3 1 0
github.com/mrhumster/stream-service/internal/storage/minio_storage.go:88.2,88.20 1 1
github.com/mrhumster/stream-service/internal/storage/minio_storage.go:91.79,93.16 2 1
github.com/mrhumster/stream-service/internal/storage/minio_storage.go:93.16,95.3 1 0
github.com/mrhumster/stream-service/internal/storage/minio_storage.go:96.2,96.12 1 1
github.com/mrhumster/stream-service/internal/storage/minio_storage.go:96.12,98.3 1 1
github.com/mrhumster/stream-service/internal/storage/minio_storage.go:100.2,101.16 2 1
github.com/mrhumster/stream-service/internal/storage/minio_storage.go:101.16,103.3 1 1
github.com/mrhumster/stream-service/internal/storage/minio_storage.go:104.2,104.12 1 1
github.com/mrhumster/stream-service/internal/storage/minio_storage.go:107.129,109.16 2 1
github.com/mrhumster/stream-service/internal/storage/minio_storage.go:109.16,111.3 1 1
github.com/mrhumster/stream-service/internal/storage/minio_storage.go:112.2,112.15 1 1
github.com/mrhumster/stream-service/internal/storage/minio_storage.go:115.55,116.51 1 1
github.com/mrhumster/stream-service/internal/storage/minio_storage.go:116.51,117.24 1 1
github.com/mrhumster/stream-service/internal/storage/minio_storage.go:118.20,119.22 1 1
github.com/mrhumster/stream-service/internal/storage/minio_storage.go:120.23,121.28 1 1
github.com/mrhumster/stream-service/internal/storage/minio_storage.go:122.23,123.30 1 1
github.com/mrhumster/stream-service/internal/storage/minio_storage.go:125.3,125.60 1 0
github.com/mrhumster/stream-service/internal/storage/minio_storage.go:127.2,127.46 1 1
github.com/mrhumster/stream-service/internal/repository/stream_repository_impl.go:16.65,18.2 1 1
github.com/mrhumster/stream-service/internal/repository/stream_repository_impl.go:20.89,22.25 2 1
github.com/mrhumster/stream-service/internal/repository/stream_repository_impl.go:22.25,24.3 1 0
github.com/mrhumster/stream-service/internal/repository/stream_repository_impl.go:25.2,25.12 1 1
github.com/mrhumster/stream-service/internal/repository/stream_repository_impl.go:28.96,31.25 3 1
github.com/mrhumster/stream-service/internal/repository/stream_repository_impl.go:31.25,34.3 1 1
github.com/mrhumster/stream-service/internal/repository/stream_repository_impl.go:35.2,35.20 1 1
github.com/mrhumster/stream-service/internal/repository/stream_repository_impl.go:37.89,38.27 1 1
github.com/mrhumster/stream-service/internal/repository/stream_repository_impl.go:38.27,40.3 1 1
github.com/mrhumster/stream-service/internal/repository/stream_repository_impl.go:41.2,42.90 2 1
github.com/mrhumster/stream-service/internal/repository/stream_repository_impl.go:42.90,44.3 1 1
github.com/mrhumster/stream-service/internal/repository/stream_repository_impl.go:45.2,46.25 2 1
github.com/mrhumster/stream-service/internal/repository/stream_repository_impl.go:46.25,48.3 1 1
github.com/mrhumster/stream-service/internal/repository/stream_repository_impl.go:49.2,49.12 1 1
github.com/mrhumster/stream-service/internal/repository/stream_repository_impl.go:51.80,53.83 2 1
github.com/mrhumster/stream-service/internal/repository/stream_repository_impl.go:53.83,55.3 1 1
github.com/mrhumster/stream-service/internal/repository/stream_repository_impl.go:56.2,56.81 1 1
github.com/mrhumster/stream-service/internal/repository/stream_repository_impl.go:56.81,58.3 1 1
github.com/mrhumster/stream-service/internal/repository/stream_repository_impl.go:59.2,59.12 1 1
github.com/mrhumster/stream-service/internal/repository/stream_repository_impl.go:62.105,65.27 2 1
github.com/mrhumster/stream-service/internal/repository/stream_repository_impl.go:65.27,67.3 1 1
github.com/mrhumster/stream-service/internal/repository/stream_repository_impl.go:69.2,69.26 1 1
github.com/mrhumster/stream-service/internal/repository/stream_repository_impl.go:69.26,71.3 1 1
github.com/mrhumster/stream-service/internal/repository/stream_repository_impl.go:73.2,73.30 1 1
github.com/mrhumster/stream-service/internal/repository/stream_repository_impl.go:73.30,75.3 1 1
github.com/mrhumster/stream-service/internal/repository/stream_repository_impl.go:77.2,77.25 1 1
github.com/mrhumster/stream-service/internal/repository/stream_repository_impl.go:77.25,80.3 2 0
github.com/mrhumster/stream-service/internal/repository/stream_repository_impl.go:82.2,82.23 1 1
github.com/mrhumster/stream-service/internal/repository/stream_repository_impl.go:82.23,84.3 1 1
github.com/mrhumster/stream-service/internal/repository/stream_repository_impl.go:86.2,86.23 1 1
github.com/mrhumster/stream-service/internal/repository/stream_repository_impl.go:86.23,88.3 1 1
github.com/mrhumster/stream-service/internal/repository/stream_repository_impl.go:90.2,96.25 5 1
github.com/mrhumster/stream-service/internal/repository/stream_repository_impl.go:96.25,98.3 1 0
github.com/mrhumster/stream-service/internal/repository/stream_repository_impl.go:99.2,99.21 1 1
github.com/mrhumster/stream-service/internal/repository/stream_repository_impl.go:102.109,107.25 5 1
github.com/mrhumster/stream-service/internal/repository/stream_repository_impl.go:107.25,109.3 1 0
github.com/mrhumster/stream-service/internal/repository/stream_repository_impl.go:110.2,110.21 1 1
github.com/mrhumster/stream-service/internal/repository/stream_repository_impl.go:113.79,116.25 3 1
github.com/mrhumster/stream-service/internal/repository/stream_repository_impl.go:116.25,118.3 1 0
github.com/mrhumster/stream-service/internal/repository/stream_repository_impl.go:119.2,119.13 1 1
github.com/mrhumster/stream-service/internal/repository/stream_repository_impl.go:122.114,125.25 3 1
github.com/mrhumster/stream-service/internal/repository/stream_repository_impl.go:125.25,127.3 1 0
github.com/mrhumster/stream-service/internal/repository/stream_repository_impl.go:128.2,130.25 3 1
github.com/mrhumster/stream-service/internal/repository/stream_repository_impl.go:130.25,132.3 1 0
github.com/mrhumster/stream-service/internal/repository/stream_repository_impl.go:133.2,133.12 1 1
github.com/mrhumster/stream-service/internal/repository/stream_repository_impl.go:136.126,139.25 3 1
github.com/mrhumster/stream-service/internal/repository/stream_repository_impl.go:139.25,141.3 1 0
github.com/mrhumster/stream-service/internal/repository/stream_repository_impl.go:142.2,142.105 1 1
github.com/mrhumster/stream-service/internal/repository/stream_repository_impl.go:142.105,144.3 1 0
github.com/mrhumster/stream-service/internal/repository/stream_repository_impl.go:145.2,146.25 2 1
github.com/mrhumster/stream-service/internal/repository/stream_repository_impl.go:146.25,148.3 1 0
github.com/mrhumster/stream-service/internal/repository/stream_repository_impl.go:149.2,149.12 1 1
github.com/mrhumster/stream-service/internal/repository/stream_repository_impl.go:152.88,154.71 2 0
github.com/mrhumster/stream-service/internal/repository/stream_repository_impl.go:154.71,156.3 1 0
github.com/mrhumster/stream-service/internal/repository/stream_repository_impl.go:157.2,158.16 2 0
github.com/mrhumster/stream-service/internal/repository/stream_repository_impl.go:158.16,160.3 1 0
github.com/mrhumster/stream-service/internal/repository/stream_repository_impl.go:161.2,162.55 2 0
github.com/mrhumster/stream-service/internal/repository/stream_repository_impl.go:162.55,164.3 1 0
github.com/mrhumster/stream-service/internal/repository/stream_repository_impl.go:165.2,165.65 1 0
github.com/mrhumster/stream-service/internal/repository/stream_repository_impl.go:165.65,167.3 1 0
github.com/mrhumster/stream-service/internal/repository/stream_repository_impl.go:168.2,168.12 1 0
github.com/mrhumster/stream-service/internal/repository/mock/stream_repository_mock.go:35.77,39.2 3 0
github.com/mrhumster/stream-service/internal/repository/mock/stream_repository_mock.go:42.75,44.2 1 0
github.com/mrhumster/stream-service/internal/repository/mock/stream_repository_mock.go:47.89,52.2 4 0
github.com/mrhumster/stream-service/internal/repository/mock/stream_repository_mock.go:55.82,58.2 2 0
github.com/mrhumster/stream-service/internal/repository/mock/stream_repository_mock.go:61.80,66.2 4 0
github.com/mrhumster/stream-service/internal/repository/mock/stream_repository_mock.go:69.78,72.2 2 0
github.com/mrhumster/stream-service/internal/repository/mock/stream_repository_mock.go:75.79,80.2 4 0
github.com/mrhumster/stream-service/internal/repository/mock/stream_repository_mock.go:83.78,86.2 2 0
github.com/mrhumster/stream-service/internal/repository/mock/stream_repository_mock.go:89.109,95.2 5 0
github.com/mrhumster/stream-service/internal/repository/mock/stream_repository_mock.go:98.87,101.2 2 0
github.com/mrhumster/stream-service/internal/repository/mock/stream_repository_mock.go:104.88,109.2 4 0
github.com/mrhumster/stream-service/internal/repository/mock/stream_repository_mock.go:112.86,115.2 2 0
github.com/mrhumster/stream-service/internal/repository/mock/stream_repository_mock.go:118.116,124.2 5 0
github.com/mrhumster/stream-service/internal/repository/mock/stream_repository_mock.go:127.80,130.2 2 0
github.com/mrhumster/stream-service/internal/repository/mock/stream_repository_mock.go:133.96,139.2 5 0
github.com/mrhumster/stream-service/internal/repository/mock/stream_repository_mock.go:142.76,145.2 2 0
github.com/mrhumster/stream-service/internal/repository/mock/stream_repository_mock.go:148.89,153.2 4 0
github.com/mrhumster/stream-service/internal/repository/mock/stream_repository_mock.go:156.82,159.2 2 0
github.com/mrhumster/stream-service/internal/repository/mock/stream_repository_mock.go:162.126,167.2 4 0
github.com/mrhumster/stream-service/internal/repository/mock/stream_repository_mock.go:170.100,173.2 2 0
github.com/mrhumster/stream-service/internal/repository/mock/stream_repository_mock.go:176.114,181.2 4 0
github.com/mrhumster/stream-service/internal/repository/mock/stream_repository_mock.go:184.92,187.2 2 0
github.com/mrhumster/stream-service/internal/service/mock/stream_service_mock.go:36.71,40.2 3 0
github.com/mrhumster/stream-service/internal/service/mock/stream_service_mock.go:43.69,45.2 1 0
github.com/mrhumster/stream-service/internal/service/mock/stream_service_mock.go:48.112,54.2 5 0
github.com/mrhumster/stream-service/internal/service/mock/stream_service_mock.go:57.102,60.2 2 0
github.com/mrhumster/stream-service/internal/service/mock/stream_service_mock.go:63.97,68.2 4 0
github.com/mrhumster/stream-service/internal/service/mock/stream_service_mock.go:71.95,74.2 2 0
github.com/mrhumster/stream-service/internal/service/mock/stream_service_mock.go:77.120,83.2 5 0
github.com/mrhumster/stream-service/internal/service/mock/stream_service_mock.go:86.82,89.2 2 0
github.com/mrhumster/stream-service/internal/service/mock/stream_service_mock.go:92.83,97.2 4 0
github.com/mrhumster/stream-service/internal/service/mock/stream_service_mock.go:100.81,103.2 2 0
github.com/mrhumster/stream-service/internal/service/mock/stream_service_mock.go:106.132,112.2 5 0
github.com/mrhumster/stream-service/internal/service/mock/stream_service_mock.go:115.94,118.2 2 0
github.com/mrhumster/stream-service/internal/service/mock/stream_service_mock.go:121.98,127.2 5 0
github.com/mrhumster/stream-service/internal/service/mock/stream_service_mock.go:130.78,133.2 2 0
github.com/mrhumster/stream-service/internal/service/mock/stream_service_mock.go:136.120,142.2 5 0
github.com/mrhumster/stream-service/internal/service/mock/stream_service_mock.go:145.84,148.2 2 0
github.com/mrhumster/stream-service/internal/service/mock/stream_service_mock.go:151.110,157.2 5 0
github.com/mrhumster/stream-service/internal/service/mock/stream_service_mock.go:160.88,163.2 2 0
github.com/mrhumster/stream-service/internal/service/mock/stream_service_mock.go:166.90,171.2 4 0
github.com/mrhumster/stream-service/internal/service/mock/stream_service_mock.go:174.88,177.2 2 0
github.com/mrhumster/stream-service/internal/service/mock/stream_service_mock.go:180.117,186.2 5 0
github.com/mrhumster/stream-service/internal/service/mock/stream_service_mock.go:189.92,192.2 2 0
github.com/mrhumster/stream-service/internal/service/mock/stream_service_mock.go:195.92,200.2 4 0
github.com/mrhumster/stream-service/internal/service/mock/stream_service_mock.go:203.90,206.2 2 0
github.com/mrhumster/stream-service/internal/service/mock/stream_service_mock.go:209.134,215.2 5 0
github.com/mrhumster/stream-service/internal/service/mock/stream_service_mock.go:218.86,221.2 2 0
github.com/mrhumster/stream-service/internal/service/mock/stream_service_mock.go:224.123,229.2 4 0
github.com/mrhumster/stream-service/internal/service/mock/stream_service_mock.go:232.101,235.2 2 0
github.com/mrhumster/stream-service/internal/service/mock/stream_service_mock.go:238.100,243.2 4 0
github.com/mrhumster/stream-service/internal/service/mock/stream_service_mock.go:246.81,249.2 2 0
github.com/mrhumster/stream-service/internal/storage/mock/filestorage_mock.go:35.67,39.2 3 0
github.com/mrhumster/stream-service/internal/storage/mock/filestorage_mock.go:42.65,44.2 1 0
github.com/mrhumster/stream-service/internal/storage/mock/filestorage_mock.go:47.74,52.2 4 0
github.com/mrhumster/stream-service/internal/storage/mock/filestorage_mock.go:55.75,58.2 2 0
github.com/mrhumster/stream-service/internal/storage/mock/filestorage_mock.go:61.93,67.2 5 0
github.com/mrhumster/stream-service/internal/storage/mock/filestorage_mock.go:70.77,73.2 2 0
github.com/mrhumster/stream-service/internal/storage/mock/filestorage_mock.go:76.82,82.2 5 0
github.com/mrhumster/stream-service/internal/storage/mock/filestorage_mock.go:85.75,88.2 2 0
github.com/mrhumster/stream-service/internal/storage/mock/filestorage_mock.go:91.133,97.2 5 0
github.com/mrhumster/stream-service/internal/storage/mock/filestorage_mock.go:100.108,103.2 2 0
github.com/mrhumster/stream-service/internal/storage/mock/filestorage_mock.go:106.50,111.2 4 0
github.com/mrhumster/stream-service/internal/storage/mock/filestorage_mock.go:114.69,117.2 2 0
github.com/mrhumster/stream-service/internal/storage/mock/filestorage_mock.go:120.102,125.2 4 0
github.com/mrhumster/stream-service/internal/storage/mock/filestorage_mock.go:128.87,131.2 2 0
github.com/mrhumster/stream-service/internal/storage/mock/minio_client_mock.go:36.67,40.2 3 0
github.com/mrhumster/stream-service/internal/storage/mock/minio_client_mock.go:43.65,45.2 1 0
github.com/mrhumster/stream-service/internal/storage/mock/minio_client_mock.go:48.94,54.2 5 0
github.com/mrhumster/stream-service/internal/storage/mock/minio_client_mock.go:57.87,60.2 2 0
github.com/mrhumster/stream-service/internal/storage/mock/minio_client_mock.go:63.141,69.2 5 0
github.com/mrhumster/stream-service/internal/storage/mock/minio_client_mock.go:72.102,75.2 2 0
github.com/mrhumster/stream-service/internal/storage/mock/minio_client_mock.go:78.114,83.2 4 0
github.com/mrhumster/stream-service/internal/storage/mock/minio_client_mock.go:86.91,89.2 2 0
github.com/mrhumster/stream-service/internal/storage/mock/minio_client_mock.go:92.161,98.2 5 0
github.com/mrhumster/stream-service/internal/storage/mock/minio_client_mock.go:101.125,104.2 2 0
github.com/mrhumster/stream-service/internal/storage/mock/minio_client_mock.go:107.180,113.2 5 0
github.com/mrhumster/stream-service/internal/storage/mock/minio_client_mock.go:116.122,119.2 2 0
github.com/mrhumster/stream-service/internal/storage/mock/minio_client_mock.go:122.130,127.2 4 0
github.com/mrhumster/stream-service/internal/storage/mock/minio_client_mock.go:130.105,133.2 2 0
github.com/mrhumster/stream-service/internal/storage/mock/minio_client_mock.go:136.146,142.2 5 0
github.com/mrhumster/stream-service/internal/storage/mock/minio_client_mock.go:145.103,148.2 2 0
